Arguments: 
  /usr/local/bin/node /usr/local/bin/yarn start

PATH: 
  /usr/local/bin:/usr/bin:/bin:/usr/sbin:/sbin

Yarn version: 
  1.10.1

Node version: 
  8.12.0

Platform: 
  darwin x64

Trace: 
  SyntaxError: /Users/bhafner/Documents/Development/MigraineTracker/migraine-tracker-client/package.json: Unexpected token “ in JSON at position 651
      at JSON.parse (<anonymous>)
      at /usr/local/lib/node_modules/yarn/lib/cli.js:1136:59
      at Generator.next (<anonymous>)
      at step (/usr/local/lib/node_modules/yarn/lib/cli.js:98:30)
      at /usr/local/lib/node_modules/yarn/lib/cli.js:109:13
      at <anonymous>

npm manifest: 
  {
    "name": "migraine-tracker-client",
    "homepage": "http://brianhafnertech.com/sites/migraineTracker/",
    "version": "0.1.0",
    "private": true,
    "engines": {
      "node": "8.12.0",
      "npm": "6.4.1"
    },
    "dependencies": {
      "@material-ui/core": "^3.9.3",
      "axios": "^0.18.1",
      "date-fns": "^1.30.1",
      "jwt-decode": "^2.2.0",
      "material-table": "^1.50.0",
      "material-ui-next-pickers": "0.0.12",
      "react": "^16.9.0",
      "react-dom": "^16.9.0",
      "react-redux": "^5.1.1",
      "react-router-dom": "^4.3.1",
      "react-scripts": "1.1.5",
      "redux": "^4.0.4",
      "redux-promise": "^0.6.0",
      "redux-thunk": "^2.3.0"
    },
    “proxy”: “https://migraine-server-jbh.herokuapp.com“,
    "scripts": {
      "start": "react-scripts start",
      "build": "react-scripts build",
      "test": "react-scripts test --env=jsdom",
      "eject": "react-scripts eject"
    }
  }

yarn manifest: 
  No manifest

Lockfile: 
  No lockfile
